<?xml version="1.0" encoding="UTF-8"?>
<!-- Generated by org.testng.reporters.JUnitXMLReporter -->
<testsuite ignored="3" hostname="LAPTOP-DFDTRN2Q" failures="0" tests="1" name="Default test" time="6.597" errors="0" timestamp="2022-04-26T12:09:21 IST">
  <testcase classname="Testing.Testcases$TestCases" name="facebokTitleTest" time="1.579"/>
  <testcase classname="Testing.Testcases$TestCases" name="googleTitleTest" time="0.0">
    <ignored/>
  </testcase> <!-- googleTitleTest -->
  <testcase classname="Testing.Testcases$TestCases" name="enalbleTest" time="0.0">
    <ignored/>
  </testcase> <!-- enalbleTest -->
  <testcase classname="Testing.Testcases$TestCases" name="displayTest" time="0.0">
    <ignored/>
  </testcase> <!-- displayTest -->
</testsuite> <!-- Default test -->
